2013-08-16 16:09:08.269+0000 INFO  [org.neo4j]: --- INITIALIZED diagnostics START ---
2013-08-16 16:09:08.269+0000 INFO  [org.neo4j]: Neo4j Kernel properties:
    neostore.propertystore.db.mapped_memory=15M
    neostore.nodestore.db.mapped_memory=4M
    neostore.relationshipstore.db.mapped_memory=18M
    neostore.propertystore.db.strings.mapped_memory=12M
    store_dir=target/neo4j-hello-db
    neostore.propertystore.db.arrays.mapped_memory=14M
    ephemeral=false
2013-08-16 16:09:08.285+0000 INFO  [org.neo4j]: Diagnostics providers:
    org.neo4j.kernel.configuration.Config
    org.neo4j.kernel.info.DiagnosticsManager
    SYSTEM_MEMORY
    JAVA_MEMORY
    OPERATING_SYSTEM
    JAVA_VIRTUAL_MACHINE
    CLASSPATH
    LIBRARY_PATH
    SYSTEM_PROPERTIES
    NETWORK
2013-08-16 16:09:08.285+0000 INFO  [org.neo4j]: System memory information:
    Total Physical memory: 2.00 GB
    Free Physical memory: 413.67 MB
    Committed virtual memory: 42.52 MB
    Total swap space: 4.00 GB
    Free swap space: 1.92 GB
2013-08-16 16:09:08.285+0000 INFO  [org.neo4j]: JVM memory information:
    Free  memory: 11.95 MB
    Total memory: 15.50 MB
    Max   memory: 247.50 MB
    Garbage Collector: Copy: [Eden Space, Survivor Space]
    Garbage Collector: MarkSweepCompact: [Eden Space, Survivor Space, Tenured Gen, Perm Gen, Perm Gen [shared-ro], Perm Gen [shared-rw]]
    Memory Pool: Code Cache (Non-heap memory): committed=832.00 kB, used=807.38 kB, max=32.00 MB, threshold=0.00 B
    Memory Pool: Eden Space (Heap memory): committed=4.31 MB, used=1.83 MB, max=68.31 MB, threshold=?
    Memory Pool: Survivor Space (Heap memory): committed=512.00 kB, used=511.99 kB, max=8.50 MB, threshold=?
    Memory Pool: Tenured Gen (Heap memory): committed=10.69 MB, used=1.30 MB, max=170.69 MB, threshold=0.00 B
    Memory Pool: Perm Gen (Non-heap memory): committed=12.00 MB, used=1.72 MB, max=64.00 MB, threshold=0.00 B
    Memory Pool: Perm Gen [shared-ro] (Non-heap memory): committed=10.00 MB, used=4.27 MB, max=10.00 MB, threshold=0.00 B
    Memory Pool: Perm Gen [shared-rw] (Non-heap memory): committed=12.00 MB, used=6.52 MB, max=12.00 MB, threshold=0.00 B
2013-08-16 16:09:08.285+0000 INFO  [org.neo4j]: Operating system information:
    Operating System: Windows XP; version: 5.1; arch: x86; cpus: 4
    Process id: 6192@RA8325
    Byte order: LITTLE_ENDIAN
    Local timezone: America/New_York
2013-08-16 16:09:08.301+0000 INFO  [org.neo4j]: JVM information:
    VM Name: Java HotSpot(TM) Client VM
    VM Vendor: Oracle Corporation
    VM Version: 23.25-b01
    JIT compiler: HotSpot Client Compiler
    VM Arguments: [-Dfile.encoding=UTF-8]
2013-08-16 16:09:08.301+0000 INFO  [org.neo4j]: Java classpath:
     [loader.0] file:/C:/Documents%20and%20Settings/cy4y423/.m2/repository/org/neo4j/neo4j-jmx/2.0.0-M04/neo4j-jmx-2.0.0-M04.jar
     [loader.0] file:/C:/Documents%20and%20Settings/cy4y423/.m2/repository/org/parboiled/parboiled-scala_2.10/1.1.5/parboiled-scala_2.10-1.1.5.jar
     [classpath] C:\Documents and Settings\cy4y423\.m2\repository\org\apache\geronimo\specs\geronimo-jta_1.1_spec\1.1.1\geronimo-jta_1.1_spec-1.1.1.jar
     [classpath] C:\Documents and Settings\cy4y423\.m2\repository\org\neo4j\neo4j-kernel\2.0.0-M04\neo4j-kernel-2.0.0-M04.jar
     [loader.1] file:/D:/Apps/Java/jre7/lib/ext/dnsns.jar
     [classpath] C:\Documents and Settings\cy4y423\.m2\repository\org\apache\lucene\lucene-core\3.6.2\lucene-core-3.6.2.jar
     [classpath] C:\Documents and Settings\cy4y423\.m2\repository\com\google\guava\guava\14.0.1\guava-14.0.1.jar
     [loader.1] file:/D:/Apps/Java/jre7/lib/ext/zipfs.jar
     [classpath] C:\Documents and Settings\cy4y423\.m2\repository\org\neo4j\neo4j\2.0.0-M04\neo4j-2.0.0-M04.jar
     [loader.0] file:/C:/Documents%20and%20Settings/cy4y423/.m2/repository/org/neo4j/neo4j-cypher/2.0.0-M04/neo4j-cypher-2.0.0-M04.jar
     [classpath] C:\Documents and Settings\cy4y423\.m2\repository\org\scala-lang\scala-library\2.10.1\scala-library-2.10.1.jar
     [classpath] C:\Documents and Settings\cy4y423\.m2\repository\org\neo4j\neo4j-udc\2.0.0-M04\neo4j-udc-2.0.0-M04.jar
     [loader.1] file:/D:/Apps/Java/jre7/lib/ext/jaccess.jar
     [loader.0] file:/C:/Documents%20and%20Settings/cy4y423/.m2/repository/org/apache/lucene/lucene-core/3.6.2/lucene-core-3.6.2.jar
     [classpath] C:\Documents and Settings\cy4y423\.m2\repository\org\neo4j\neo4j-cypher\2.0.0-M04\neo4j-cypher-2.0.0-M04.jar
     [classpath] C:\Documents and Settings\cy4y423\.m2\repository\com\googlecode\concurrentlinkedhashmap\concurrentlinkedhashmap-lru\1.3.1\concurrentlinkedhashmap-lru-1.3.1.jar
     [bootstrap] D:\Apps\Java\jre7\lib\jce.jar
     [loader.0] file:/C:/Documents%20and%20Settings/cy4y423/.m2/repository/org/neo4j/neo4j-graph-algo/2.0.0-M04/neo4j-graph-algo-2.0.0-M04.jar
     [bootstrap] D:\Apps\Java\jre7\classes
     [bootstrap] D:\Apps\Java\jre7\lib\jfr.jar
     [loader.1] file:/D:/Apps/Java/jre7/lib/ext/localedata.jar
     [loader.0] file:/C:/Documents%20and%20Settings/cy4y423/.m2/repository/com/google/guava/guava/14.0.1/guava-14.0.1.jar
     [classpath] C:\Documents and Settings\cy4y423\.m2\repository\org\parboiled\parboiled-core\1.1.5\parboiled-core-1.1.5.jar
     [classpath] C:\Documents and Settings\cy4y423\.m2\repository\org\neo4j\neo4j-graph-matching\2.0.0-M04\neo4j-graph-matching-2.0.0-M04.jar
     [loader.1] file:/D:/Apps/Java/jre7/lib/ext/sunmscapi.jar
     [classpath] C:\Documents and Settings\cy4y423\.m2\repository\org\neo4j\neo4j-graph-algo\2.0.0-M04\neo4j-graph-algo-2.0.0-M04.jar
     [classpath] C:\Documents and Settings\cy4y423\.m2\repository\org\neo4j\neo4j-lucene-index\2.0.0-M04\neo4j-lucene-index-2.0.0-M04.jar
     [bootstrap] D:\Apps\Java\jre7\lib\charsets.jar
     [loader.1] file:/D:/Apps/Java/jre7/lib/ext/sunec.jar
     [loader.1] file:/D:/Apps/Java/jre7/lib/ext/access-bridge.jar
     [loader.0] file:/C:/Documents%20and%20Settings/cy4y423/.m2/repository/org/neo4j/neo4j/2.0.0-M04/neo4j-2.0.0-M04.jar
     [loader.0] file:/C:/Documents%20and%20Settings/cy4y423/.m2/repository/com/googlecode/concurrentlinkedhashmap/concurrentlinkedhashmap-lru/1.3.1/concurrentlinkedhashmap-lru-1.3.1.jar
     [classpath + loader.0] file:/D:/Repository/git/cap/cap/target/classes/
     [loader.0] file:/C:/Documents%20and%20Settings/cy4y423/.m2/repository/org/scala-lang/scala-library/2.10.1/scala-library-2.10.1.jar
     [loader.0] file:/C:/Documents%20and%20Settings/cy4y423/.m2/repository/org/neo4j/neo4j-kernel/2.0.0-M04/neo4j-kernel-2.0.0-M04.jar
     [loader.0] file:/C:/Documents%20and%20Settings/cy4y423/.m2/repository/org/parboiled/parboiled-core/1.1.5/parboiled-core-1.1.5.jar
     [classpath] C:\Documents and Settings\cy4y423\.m2\repository\org\parboiled\parboiled-scala_2.10\1.1.5\parboiled-scala_2.10-1.1.5.jar
     [loader.0] file:/C:/Documents%20and%20Settings/cy4y423/.m2/repository/org/neo4j/neo4j-udc/2.0.0-M04/neo4j-udc-2.0.0-M04.jar
     [loader.0] file:/C:/Documents%20and%20Settings/cy4y423/.m2/repository/org/neo4j/neo4j-graph-matching/2.0.0-M04/neo4j-graph-matching-2.0.0-M04.jar
     [classpath] C:\Documents and Settings\cy4y423\.m2\repository\org\neo4j\neo4j-jmx\2.0.0-M04\neo4j-jmx-2.0.0-M04.jar
     [loader.1] file:/D:/Apps/Java/jre7/lib/ext/sunjce_provider.jar
     [bootstrap] D:\Apps\Java\jre7\lib\jsse.jar
     [loader.0] file:/C:/Documents%20and%20Settings/cy4y423/.m2/repository/org/neo4j/neo4j-lucene-index/2.0.0-M04/neo4j-lucene-index-2.0.0-M04.jar
     [bootstrap] D:\Apps\Java\jre7\lib\resources.jar
     [loader.1] file:/D:/Apps/Java/jre7/lib/ext/sunpkcs11.jar
     [bootstrap] D:\Apps\Java\jre7\lib\rt.jar
     [bootstrap] D:\Apps\Java\jre7\lib\sunrsasign.jar
     [loader.0] file:/C:/Documents%20and%20Settings/cy4y423/.m2/repository/org/apache/geronimo/specs/geronimo-jta_1.1_spec/1.1.1/geronimo-jta_1.1_spec-1.1.1.jar
2013-08-16 16:09:08.301+0000 INFO  [org.neo4j]: Library path:
    D:\Apps\Java\jre7\bin
    C:\WINNT\Sun\Java\bin
    C:\WINNT\system32
    C:\WINNT
    D:\Apps\Java\jre7\bin\client
    D:\Apps\Java\jre7\bin
    D:\Apps\Java\jre7\lib\i386
    C:\orahome\oracle\product\11.2.0\BIN
    D:\Apps\CollabNet\Subversion Client
    C:\Program Files\ThinkPad\Utilities
    C:\WINNT\system32
    C:\WINNT
    C:\WINNT\system32\wbem
    C:\Program Files\Diskeeper Corporation\Diskeeper
    C:\Program Files\Windows Imaging
    C:\Program Files\Intel\DMIX
    C:\Program Files\Common Files\Ulead Systems\MPEG
    C:\Program Files\CREDANT\Shield v6.7
    C:\Program Files\Intel\WiFi\bin
    C:\Program Files\Common Files\Intel\WirelessCommon
    C:\Program Files\Common Files\Lenovo
    C:\SQLLIB\BIN
    C:\SQLLIB\FUNCTION
    C:\SQLLIB\samples\repl
    C:\Program Files\nodejs
    C:\Program Files (x86)\Java\jre6\bin
    C:\Program Files\Java\jre6\bin
    C:\Program Files (x86)\Java\jre6\bin
    C:\Program Files\Java\jre6\bin
    C:\Program Files (x86)\Java\jre6\bin
    C:\Program Files\Java\jre6\bin
    C:\Program Files (x86)\Java\jre6\bin
    C:\Program Files\Java\jre6\bin
    C:\Documents and Settings\cy4y423\Application Data\npm
    D:\Apps\eclipse\juno-jee
    D:\Repository\git\cap\cap
    D:\Repository\git\cap\cap
2013-08-16 16:09:08.363+0000 INFO  [org.neo4j]: System.properties:
    sun.boot.library.path = D:\Apps\Java\jre7\bin
    path.separator = ;
    file.encoding.pkg = sun.io
    user.country = US
    user.script = 
    sun.java.launcher = SUN_STANDARD
    sun.os.patch.level = Service Pack 3
    user.dir = D:\Repository\git\cap\cap
    user.variant = 
    sun.jnu.encoding = Cp1252
    sun.management.compiler = HotSpot Client Compiler
    user.home = C:\Documents and Settings\cy4y423
    user.timezone = America/New_York
    file.encoding = UTF-8
    user.name = cy4y423
    sun.java.command = com.xyz.cap.App
    sun.arch.data.model = 32
    user.language = en
    awt.toolkit = sun.awt.windows.WToolkit
    file.separator = \
    sun.io.unicode.encoding = UnicodeLittle
    sun.cpu.endian = little
    sun.desktop = windows
    sun.cpu.isalist = pentium_pro+mmx pentium_pro pentium+mmx pentium i486 i386 i86
2013-08-16 16:09:08.363+0000 INFO  [org.neo4j]: Network information:
    Interface MS TCP Loopback interface:
        address: 127.0.0.1
    Interface Intel(R) 82579LM Gigabit Network Connection - Teefer2 Miniport:
        address: 10.40.106.42
2013-08-16 16:09:08.379+0000 INFO  [org.neo4j]: --- INITIALIZED diagnostics END ---
2013-08-16 16:09:08.519+0000 INFO  [org.neo4j]: Creating new db @ target\neo4j-hello-db\neostore
2013-08-16 16:09:08.582+0000 INFO  [org.neo4j]: [target\neo4j-hello-db\neostore.nodestore.db.labels] brickCount=0 brickSize=0b mappedMem=0b (storeSize=68b)
2013-08-16 16:09:08.582+0000 INFO  [org.neo4j]: [target\neo4j-hello-db\neostore.nodestore.db] brickCount=0 brickSize=41930b mappedMem=4194304b (storeSize=0b)
2013-08-16 16:09:08.582+0000 INFO  [org.neo4j]: target\neo4j-hello-db\neostore.nodestore.db.labels hit=0 miss=0 switches=0 ooe=0
2013-08-16 16:09:08.582+0000 INFO  [org.neo4j]: target\neo4j-hello-db\neostore.nodestore.db hit=1 miss=0 switches=0 ooe=0
2013-08-16 16:09:08.707+0000 INFO  [org.neo4j]: [target\neo4j-hello-db\neostore.relationshiptypestore.db.names] brickCount=0 brickSize=0b mappedMem=0b (storeSize=38b)
2013-08-16 16:09:08.707+0000 INFO  [org.neo4j]: [target\neo4j-hello-db\neostore.relationshiptypestore.db] brickCount=0 brickSize=0b mappedMem=0b (storeSize=0b)
2013-08-16 16:09:08.707+0000 INFO  [org.neo4j]: target\neo4j-hello-db\neostore.relationshiptypestore.db.names hit=0 miss=0 switches=0 ooe=0
2013-08-16 16:09:08.722+0000 INFO  [org.neo4j]: target\neo4j-hello-db\neostore.relationshiptypestore.db hit=0 miss=0 switches=0 ooe=0
2013-08-16 16:09:08.754+0000 INFO  [org.neo4j]: [target\neo4j-hello-db\neostore.labeltokenstore.db.names] brickCount=0 brickSize=0b mappedMem=0b (storeSize=38b)
2013-08-16 16:09:08.754+0000 INFO  [org.neo4j]: [target\neo4j-hello-db\neostore.labeltokenstore.db] brickCount=0 brickSize=0b mappedMem=0b (storeSize=0b)
2013-08-16 16:09:08.754+0000 INFO  [org.neo4j]: target\neo4j-hello-db\neostore.labeltokenstore.db.names hit=0 miss=0 switches=0 ooe=0
2013-08-16 16:09:08.754+0000 INFO  [org.neo4j]: target\neo4j-hello-db\neostore.labeltokenstore.db hit=0 miss=0 switches=0 ooe=0
2013-08-16 16:09:08.769+0000 INFO  [org.neo4j]: [target\neo4j-hello-db\neostore.relationshiptypestore.db.names] brickCount=0 brickSize=0b mappedMem=0b (storeSize=38b)
2013-08-16 16:09:08.785+0000 INFO  [org.neo4j]: [target\neo4j-hello-db\neostore.relationshiptypestore.db] brickCount=0 brickSize=0b mappedMem=0b (storeSize=0b)
2013-08-16 16:09:08.785+0000 INFO  [org.neo4j]: [target\neo4j-hello-db\neostore.labeltokenstore.db.names] brickCount=0 brickSize=0b mappedMem=0b (storeSize=38b)
2013-08-16 16:09:08.785+0000 INFO  [org.neo4j]: [target\neo4j-hello-db\neostore.labeltokenstore.db] brickCount=0 brickSize=0b mappedMem=0b (storeSize=0b)
2013-08-16 16:09:08.785+0000 INFO  [org.neo4j]: [target\neo4j-hello-db\neostore.propertystore.db.strings] brickCount=0 brickSize=12544b mappedMem=12582912b (storeSize=128b)
2013-08-16 16:09:08.785+0000 INFO  [org.neo4j]: [target\neo4j-hello-db\neostore.propertystore.db.index.keys] brickCount=0 brickSize=0b mappedMem=0b (storeSize=38b)
2013-08-16 16:09:08.785+0000 INFO  [org.neo4j]: [target\neo4j-hello-db\neostore.propertystore.db.index] brickCount=0 brickSize=0b mappedMem=0b (storeSize=0b)
2013-08-16 16:09:08.785+0000 INFO  [org.neo4j]: [target\neo4j-hello-db\neostore.propertystore.db.arrays] brickCount=0 brickSize=14592b mappedMem=14680064b (storeSize=128b)
2013-08-16 16:09:08.785+0000 INFO  [org.neo4j]: [target\neo4j-hello-db\neostore.propertystore.db] brickCount=0 brickSize=157276b mappedMem=15728640b (storeSize=0b)
2013-08-16 16:09:08.785+0000 INFO  [org.neo4j]: [target\neo4j-hello-db\neostore.relationshipstore.db] brickCount=0 brickSize=188727b mappedMem=18874368b (storeSize=0b)
2013-08-16 16:09:08.785+0000 INFO  [org.neo4j]: [target\neo4j-hello-db\neostore.nodestore.db.labels] brickCount=0 brickSize=0b mappedMem=0b (storeSize=68b)
2013-08-16 16:09:08.785+0000 INFO  [org.neo4j]: [target\neo4j-hello-db\neostore.nodestore.db] brickCount=0 brickSize=4186b mappedMem=4194304b (storeSize=14b)
2013-08-16 16:09:08.785+0000 INFO  [org.neo4j]: [target\neo4j-hello-db\neostore.schemastore.db] brickCount=0 brickSize=0b mappedMem=0b (storeSize=64b)
2013-08-16 16:09:08.785+0000 INFO  [org.neo4j]: [target\neo4j-hello-db\neostore] brickCount=0 brickSize=0b mappedMem=0b (storeSize=0b)
2013-08-16 16:09:08.801+0000 INFO  [org.neo4j]: target\neo4j-hello-db\neostore.relationshiptypestore.db.names hit=0 miss=0 switches=0 ooe=0
2013-08-16 16:09:08.801+0000 INFO  [org.neo4j]: target\neo4j-hello-db\neostore.relationshiptypestore.db hit=0 miss=0 switches=0 ooe=0
2013-08-16 16:09:08.801+0000 INFO  [org.neo4j]: target\neo4j-hello-db\neostore.labeltokenstore.db.names hit=0 miss=0 switches=0 ooe=0
2013-08-16 16:09:08.816+0000 INFO  [org.neo4j]: target\neo4j-hello-db\neostore.labeltokenstore.db hit=0 miss=0 switches=0 ooe=0
2013-08-16 16:09:08.816+0000 INFO  [org.neo4j]: target\neo4j-hello-db\neostore.propertystore.db.strings hit=0 miss=0 switches=0 ooe=0
2013-08-16 16:09:08.816+0000 INFO  [org.neo4j]: target\neo4j-hello-db\neostore.propertystore.db.index.keys hit=0 miss=0 switches=0 ooe=0
2013-08-16 16:09:08.832+0000 INFO  [org.neo4j]: target\neo4j-hello-db\neostore.propertystore.db.index hit=0 miss=0 switches=0 ooe=0
2013-08-16 16:09:08.832+0000 INFO  [org.neo4j]: target\neo4j-hello-db\neostore.propertystore.db.arrays hit=0 miss=0 switches=0 ooe=0
2013-08-16 16:09:08.847+0000 INFO  [org.neo4j]: target\neo4j-hello-db\neostore.propertystore.db hit=0 miss=0 switches=0 ooe=0
2013-08-16 16:09:08.847+0000 INFO  [org.neo4j]: target\neo4j-hello-db\neostore.relationshipstore.db hit=0 miss=0 switches=0 ooe=0
2013-08-16 16:09:08.847+0000 INFO  [org.neo4j]: target\neo4j-hello-db\neostore.nodestore.db.labels hit=0 miss=0 switches=0 ooe=0
2013-08-16 16:09:08.863+0000 INFO  [org.neo4j]: target\neo4j-hello-db\neostore.nodestore.db hit=0 miss=0 switches=0 ooe=0
2013-08-16 16:09:08.863+0000 INFO  [org.neo4j]: target\neo4j-hello-db\neostore.schemastore.db hit=0 miss=0 switches=0 ooe=0
2013-08-16 16:09:08.863+0000 INFO  [org.neo4j]: target\neo4j-hello-db\neostore hit=0 miss=8 switches=0 ooe=0
2013-08-16 16:09:08.926+0000 INFO  [org.neo4j]: [target\neo4j-hello-db\neostore.relationshiptypestore.db.names] brickCount=0 brickSize=0b mappedMem=0b (storeSize=38b)
2013-08-16 16:09:08.926+0000 INFO  [org.neo4j]: [target\neo4j-hello-db\neostore.relationshiptypestore.db] brickCount=0 brickSize=0b mappedMem=0b (storeSize=0b)
2013-08-16 16:09:08.926+0000 INFO  [org.neo4j]: [target\neo4j-hello-db\neostore.labeltokenstore.db.names] brickCount=0 brickSize=0b mappedMem=0b (storeSize=38b)
2013-08-16 16:09:08.926+0000 INFO  [org.neo4j]: [target\neo4j-hello-db\neostore.labeltokenstore.db] brickCount=0 brickSize=0b mappedMem=0b (storeSize=0b)
2013-08-16 16:09:08.926+0000 INFO  [org.neo4j]: [target\neo4j-hello-db\neostore.propertystore.db.strings] brickCount=0 brickSize=12544b mappedMem=12582912b (storeSize=128b)
2013-08-16 16:09:08.926+0000 INFO  [org.neo4j]: [target\neo4j-hello-db\neostore.propertystore.db.index.keys] brickCount=0 brickSize=0b mappedMem=0b (storeSize=38b)
2013-08-16 16:09:08.926+0000 INFO  [org.neo4j]: [target\neo4j-hello-db\neostore.propertystore.db.index] brickCount=0 brickSize=0b mappedMem=0b (storeSize=0b)
2013-08-16 16:09:08.941+0000 INFO  [org.neo4j]: [target\neo4j-hello-db\neostore.propertystore.db.arrays] brickCount=0 brickSize=14592b mappedMem=14680064b (storeSize=128b)
2013-08-16 16:09:08.941+0000 INFO  [org.neo4j]: [target\neo4j-hello-db\neostore.propertystore.db] brickCount=0 brickSize=157276b mappedMem=15728640b (storeSize=0b)
2013-08-16 16:09:08.941+0000 INFO  [org.neo4j]: [target\neo4j-hello-db\neostore.relationshipstore.db] brickCount=0 brickSize=188727b mappedMem=18874368b (storeSize=0b)
2013-08-16 16:09:08.941+0000 INFO  [org.neo4j]: [target\neo4j-hello-db\neostore.nodestore.db.labels] brickCount=0 brickSize=0b mappedMem=0b (storeSize=68b)
2013-08-16 16:09:08.941+0000 INFO  [org.neo4j]: [target\neo4j-hello-db\neostore.nodestore.db] brickCount=0 brickSize=4186b mappedMem=4194304b (storeSize=14b)
2013-08-16 16:09:08.941+0000 INFO  [org.neo4j]: [target\neo4j-hello-db\neostore.schemastore.db] brickCount=0 brickSize=0b mappedMem=0b (storeSize=64b)
2013-08-16 16:09:08.941+0000 INFO  [org.neo4j]: [target\neo4j-hello-db\neostore] brickCount=0 brickSize=0b mappedMem=0b (storeSize=54b)
2013-08-16 16:09:08.957+0000 INFO  [org.neo4j]: Opened logical log [target\neo4j-hello-db\nioneo_logical.log.1] version=0, lastTxId=1 (clean)
2013-08-16 16:09:08.972+0000 INFO  [org.neo4j]: TM new log: tm_tx_log.1
2013-08-16 16:09:09.019+0000 INFO  [org.neo4j]: Opened logical log [target\neo4j-hello-db\index\lucene.log.1] version=0, lastTxId=1 (clean)
2013-08-16 16:09:09.051+0000 INFO  [org.neo4j]: --- STARTED diagnostics for KernelDiagnostics:Versions START ---
2013-08-16 16:09:09.051+0000 INFO  [org.neo4j]: Graph Database: org.neo4j.kernel.EmbeddedGraphDatabase StoreId[time:1376669348519, id:-3054431057379422788, store version: 13843131341501958]
2013-08-16 16:09:09.051+0000 INFO  [org.neo4j]: Kernel version: Neo4j - Graph Database Kernel 2.0.0-M04
2013-08-16 16:09:09.051+0000 INFO  [org.neo4j]: Neo4j component versions:
2013-08-16 16:09:09.051+0000 INFO  [org.neo4j]:   Neo4j - Graph Database Kernel 2.0.0-M04
2013-08-16 16:09:09.051+0000 INFO  [org.neo4j]: --- STARTED diagnostics for KernelDiagnostics:Versions END ---
2013-08-16 16:09:09.051+0000 INFO  [org.neo4j]: --- STARTED diagnostics for NEO_STORE_VERSIONS START ---
2013-08-16 16:09:09.051+0000 INFO  [org.neo4j]: Store versions:
    Store versions:
      NeoStore v0.A.1
      SchemaStore v0.A.1
      NodeStore v0.A.1
      RelationshipStore v0.A.1
      RelationshipTypeStore v0.A.1
      LabelTokenStore v0.A.1
      PropertyStore v0.A.1
      PropertyIndexStore v0.A.1
      StringPropertyStore v0.A.1
      ArrayPropertyStore v0.A.1
2013-08-16 16:09:09.051+0000 INFO  [org.neo4j]: --- STARTED diagnostics for NEO_STORE_VERSIONS END ---
2013-08-16 16:09:09.051+0000 INFO  [org.neo4j]: --- STARTED diagnostics for NEO_STORE_ID_USAGE START ---
2013-08-16 16:09:09.051+0000 INFO  [org.neo4j]: Id usage:
    Id usage:
      SchemaStore: used=1 high=0
      NodeStore: used=1 high=0
      RelationshipStore: used=0 high=-1
      RelationshipTypeStore: used=0 high=-1
      LabelTokenStore: used=0 high=-1
      PropertyStore: used=0 high=-1
      PropertyIndexStore: used=0 high=-1
      StringPropertyStore: used=1 high=0
      ArrayPropertyStore: used=1 high=0
2013-08-16 16:09:09.051+0000 INFO  [org.neo4j]: --- STARTED diagnostics for NEO_STORE_ID_USAGE END ---
2013-08-16 16:09:09.051+0000 INFO  [org.neo4j]: --- STARTED diagnostics for PERSISTENCE_WINDOW_POOL_STATS START ---
2013-08-16 16:09:09.051+0000 INFO  [org.neo4j]: --- STARTED diagnostics for PERSISTENCE_WINDOW_POOL_STATS END ---
2013-08-16 16:09:09.051+0000 INFO  [org.neo4j]: --- STARTED diagnostics for KernelDiagnostics:StoreFiles START ---
2013-08-16 16:09:09.066+0000 INFO  [org.neo4j]: Disk space on partition (Total / Free / Free %): 160031043584 / 63588900864 / 39
Storage files: (filename : modification date - size)
      active_tx_log: 2013-08-16T12:09:08-0400 - 11.00 B
      index:
        lucene-store.db: 2013-08-16T12:09:09-0400 - 40.00 B
        lucene.log.1: 2013-08-16T12:09:09-0400 - 16.00 B
        lucene.log.active: 2013-08-16T12:09:09-0400 - 4.00 B
      - Total: 2013-08-16T12:09:09-0400 - 60.00 B
      lock: 2013-08-16T12:09:08-0400 - 0.00 B
      messages.log: 2013-08-16T12:09:08-0400 - 20.41 kB
      neostore: 2013-08-16T12:09:08-0400 - 54.00 B
      neostore.id: 2013-08-16T12:09:08-0400 - 9.00 B
      neostore.labeltokenstore.db: 2013-08-16T12:09:08-0400 - 0.00 B
      neostore.labeltokenstore.db.id: 2013-08-16T12:09:08-0400 - 9.00 B
      neostore.labeltokenstore.db.names: 2013-08-16T12:09:08-0400 - 38.00 B
      neostore.labeltokenstore.db.names.id: 2013-08-16T12:09:08-0400 - 9.00 B
      neostore.nodestore.db: 2013-08-16T12:09:08-0400 - 14.00 B
      neostore.nodestore.db.id: 2013-08-16T12:09:08-0400 - 9.00 B
      neostore.nodestore.db.labels: 2013-08-16T12:09:08-0400 - 68.00 B
      neostore.nodestore.db.labels.id: 2013-08-16T12:09:08-0400 - 9.00 B
      neostore.propertystore.db: 2013-08-16T12:09:08-0400 - 0.00 B
      neostore.propertystore.db.arrays: 2013-08-16T12:09:08-0400 - 128.00 B
      neostore.propertystore.db.arrays.id: 2013-08-16T12:09:08-0400 - 9.00 B
      neostore.propertystore.db.id: 2013-08-16T12:09:08-0400 - 9.00 B
      neostore.propertystore.db.index: 2013-08-16T12:09:08-0400 - 0.00 B
      neostore.propertystore.db.index.id: 2013-08-16T12:09:08-0400 - 9.00 B
      neostore.propertystore.db.index.keys: 2013-08-16T12:09:08-0400 - 38.00 B
      neostore.propertystore.db.index.keys.id: 2013-08-16T12:09:08-0400 - 9.00 B
      neostore.propertystore.db.strings: 2013-08-16T12:09:08-0400 - 128.00 B
      neostore.propertystore.db.strings.id: 2013-08-16T12:09:08-0400 - 9.00 B
      neostore.relationshipstore.db: 2013-08-16T12:09:08-0400 - 0.00 B
      neostore.relationshipstore.db.id: 2013-08-16T12:09:08-0400 - 9.00 B
      neostore.relationshiptypestore.db: 2013-08-16T12:09:08-0400 - 0.00 B
      neostore.relationshiptypestore.db.id: 2013-08-16T12:09:08-0400 - 9.00 B
      neostore.relationshiptypestore.db.names: 2013-08-16T12:09:08-0400 - 38.00 B
      neostore.relationshiptypestore.db.names.id: 2013-08-16T12:09:08-0400 - 9.00 B
      neostore.schemastore.db: 2013-08-16T12:09:08-0400 - 64.00 B
      neostore.schemastore.db.id: 2013-08-16T12:09:08-0400 - 9.00 B
      nioneo_logical.log.1: 2013-08-16T12:09:08-0400 - 16.00 B
      nioneo_logical.log.active: 2013-08-16T12:09:08-0400 - 4.00 B
      store_lock: 2013-08-16T12:09:08-0400 - 0.00 B
      tm_tx_log.1: 2013-08-16T12:09:08-0400 - 0.00 B
2013-08-16 16:09:09.066+0000 INFO  [org.neo4j]: --- STARTED diagnostics for KernelDiagnostics:StoreFiles END ---
2013-08-16 16:09:09.082+0000 INFO  [org.neo4j]: Started - database is now available
2013-08-16 16:09:09.082+0000 INFO  [org.neo4j]: GC Monitor started. 
2013-08-16 16:09:09.082+0000 INFO  [org.neo4j]: Stopping - database is now unavailable
2013-08-16 16:09:09.082+0000 INFO  [org.neo4j]: GC Monitor stopped. 
2013-08-16 16:09:09.097+0000 INFO  [org.neo4j]: Closed log target\neo4j-hello-db\index\lucene.log
2013-08-16 16:09:09.097+0000 INFO  [org.neo4j]: TM shutting down
2013-08-16 16:09:09.113+0000 INFO  [org.neo4j]: Closed log target\neo4j-hello-db\nioneo_logical.log
2013-08-16 16:09:09.129+0000 INFO  [org.neo4j]: target\neo4j-hello-db\neostore.relationshiptypestore.db.names hit=0 miss=0 switches=0 ooe=0
2013-08-16 16:09:09.129+0000 INFO  [org.neo4j]: target\neo4j-hello-db\neostore.relationshiptypestore.db hit=0 miss=0 switches=0 ooe=0
2013-08-16 16:09:09.129+0000 INFO  [org.neo4j]: target\neo4j-hello-db\neostore.labeltokenstore.db.names hit=0 miss=0 switches=0 ooe=0
2013-08-16 16:09:09.144+0000 INFO  [org.neo4j]: target\neo4j-hello-db\neostore.labeltokenstore.db hit=0 miss=0 switches=0 ooe=0
2013-08-16 16:09:09.144+0000 INFO  [org.neo4j]: target\neo4j-hello-db\neostore.propertystore.db.strings hit=0 miss=0 switches=0 ooe=0
2013-08-16 16:09:09.144+0000 INFO  [org.neo4j]: target\neo4j-hello-db\neostore.propertystore.db.index.keys hit=0 miss=0 switches=0 ooe=0
2013-08-16 16:09:09.160+0000 INFO  [org.neo4j]: target\neo4j-hello-db\neostore.propertystore.db.index hit=0 miss=0 switches=0 ooe=0
2013-08-16 16:09:09.160+0000 INFO  [org.neo4j]: target\neo4j-hello-db\neostore.propertystore.db.arrays hit=0 miss=0 switches=0 ooe=0
2013-08-16 16:09:09.160+0000 INFO  [org.neo4j]: target\neo4j-hello-db\neostore.propertystore.db hit=0 miss=0 switches=0 ooe=0
2013-08-16 16:09:09.176+0000 INFO  [org.neo4j]: target\neo4j-hello-db\neostore.relationshipstore.db hit=0 miss=0 switches=0 ooe=0
2013-08-16 16:09:09.176+0000 INFO  [org.neo4j]: target\neo4j-hello-db\neostore.nodestore.db.labels hit=0 miss=0 switches=0 ooe=0
2013-08-16 16:09:09.176+0000 INFO  [org.neo4j]: target\neo4j-hello-db\neostore.nodestore.db hit=0 miss=0 switches=0 ooe=0
2013-08-16 16:09:09.191+0000 INFO  [org.neo4j]: target\neo4j-hello-db\neostore.schemastore.db hit=0 miss=0 switches=0 ooe=0
2013-08-16 16:09:09.191+0000 INFO  [org.neo4j]: target\neo4j-hello-db\neostore hit=0 miss=16 switches=0 ooe=0
2013-08-16 16:09:09.207+0000 INFO  [org.neo4j]: NeoStore closed
2013-08-16 16:09:09.207+0000 INFO  [org.neo4j]: --- STOPPING diagnostics START ---
2013-08-16 16:09:09.207+0000 INFO  [org.neo4j]: --- STOPPING diagnostics END ---
